$ make check
make[1]: Entering directory `/usr/local/src/gdc/dev/gcc-4.4.4/objdir'
make[2]: Entering directory `/usr/local/src/gdc/dev/gcc-4.4.4/objdir/fixincludes'
autogen -T ../../fixincludes/check.tpl ../../fixincludes/inclhack.def
/bin/sh ./check.sh ../../fixincludes/tests/base
Fixed:  testing.h
Fixed:  testing.h
Fixed:  ansi/math.h
Fixed:  ansi/stdlib.h
Fixed:  arch/i960/archI960.h
Fixed:  architecture/ppc/math.h
Fixed:  assert.h
Fixed:  AvailabilityMacros.h
Fixed:  bits/huge_val.h
Fixed:  bits/string2.h
Fixed:  bsd/libc.h
Fixed:  c_asm.h
Fixed:  com_err.h
Fixed:  ctrl-quotes-def-1.h
Fixed:  ctype.h
Fixed:  curses.h
Fixed:  errno.h
Fixed:  features.h
Fixed:  fixinc-test-limits.h
Fixed:  hsfs/hsfs_spec.h
Fixed:  ia64/sys/getppdp.h
Fixed:  internal/math_core.h
Fixed:  internal/sgimacros.h
Fixed:  internal/wchar_core.h
Fixed:  inttypes.h
Fixed:  io-quotes-def-1.h
Fixed:  iso/math_c99.h
Fixed:  locale.h
Fixed:  mach-o/dyld.h
Fixed:  mach-o/swap.h
Fixed:  malloc.h
Fixed:  math.h
Fixed:  netdnet/dnetdb.h
Fixed:  net/if.h
Fixed:  netinet/in.h
Fixed:  netinet/ip.h
Fixed:  obstack.h
Fixed:  pixrect/memvar.h
Fixed:  pthread.h
Fixed:  regex.h
Fixed:  regexp.h
Fixed:  reg_types.h
Fixed:  rpc/auth.h
Fixed:  rpc/rpc.h
Fixed:  rpcsvc/rstat.h
Fixed:  rpcsvc/rusers.h
Fixed:  rpc/xdr.h
Fixed:  signal.h
Fixed:  sparc/asm_linkage.h
Fixed:  standards.h
Fixed:  stdarg.h
Fixed:  stdint.h
Fixed:  stdio.h
Fixed:  stdio_tag.h
Fixed:  stdlib.h
Fixed:  string.h
Fixed:  strings.h
Fixed:  sundev/vuid_event.h
Fixed:  sunwindow/win_lock.h
Fixed:  sym.h
Fixed:  sys/asm.h
Fixed:  sys/cdefs.h
Fixed:  sys/file.h
Fixed:  sys/limits.h
Fixed:  sys/machine.h
Fixed:  sys/mman.h
Fixed:  sys/pthread.h
Fixed:  sys/signal.h
Fixed:  sys/socket.h
Fixed:  sys/spinlock.h
Fixed:  sys/stat.h
Fixed:  sys/sysmacros.h
Fixed:  sys/time.h
Fixed:  sys/types.h
Fixed:  sys/ucontext.h
Fixed:  sys/wait.h
Fixed:  testing.h
Fixed:  time.h
Fixed:  tinfo.h
Fixed:  types/vxTypesBase.h
Fixed:  unistd.h
Fixed:  wchar.h
Fixed:  X11/ShellP.h
Fixed:  X11/Xmu.h
Fixed:  Xm/BaseClassI.h
Fixed:  Xm/Traversal.h

All fixinclude tests pass
make[2]: Leaving directory `/usr/local/src/gdc/dev/gcc-4.4.4/objdir/fixincludes'
make[2]: Entering directory `/usr/local/src/gdc/dev/gcc-4.4.4/objdir/gcc'
Making a new config file...
echo "set tmpdir /usr/local/src/gdc/dev/gcc-4.4.4/objdir/gcc/testsuite" >> ./tmp0
make[3]: Entering directory `/usr/local/src/gdc/dev/gcc-4.4.4/objdir/gcc'
test -d testsuite || mkdir testsuite
test -d testsuite/gcc || mkdir testsuite/gcc
(rootme=`${PWDCMD-pwd}`; export rootme; \
	srcdir=`cd ../../gcc; ${PWDCMD-pwd}` ; export srcdir ; \
	cd testsuite/gcc; \
	rm -f tmp-site.exp; \
	sed '/set tmpdir/ s|testsuite|testsuite/gcc|' \
		< ../../site.exp > tmp-site.exp; \
	/bin/sh ${srcdir}/../move-if-change tmp-site.exp site.exp; \
	EXPECT=`if [ -f ${rootme}/../expect/expect ] ; then echo ${rootme}/../expect/expect ; else echo expect ; fi` ; export EXPECT ; \
	if [ -f ${rootme}/../expect/expect ] ; then  \
	   TCL_LIBRARY=`cd .. ; cd ${srcdir}/../tcl/library ; ${PWDCMD-pwd}` ; \
	    export TCL_LIBRARY ; fi ; \
	runtestflags= ; \
	if [ -n "" ] ; then \
	  runtestflags=""; \
	elif [ -n "" ] ; then \
	  parts="`echo '  ' \
		  | sed 's/=[^ ]* / /g'`"; \
	  for part in `find $srcdir/testsuite/gcc* -name \*.exp` ; do \
	    part=`basename $part` ; \
	    case " $parts $runtestflags " in \
	      *" $part "*) ;; \
	      *) runtestflags="$runtestflags $part" ;; \
	    esac ; \
	  done ; \
	fi ; \
	`if [ -f ${srcdir}/../dejagnu/runtest ] ; then echo ${srcdir}/../dejagnu/runtest ; else echo runtest; fi` --tool gcc  $runtestflags)
WARNING: Couldn't find the global config file.
Test Run By vladimir on Fri Sep 17 19:16:22 2010
Native configuration is x86_64-unknown-linux-gnu

		=== gcc tests ===

Schedule of variations:
    unix

Running target unix
Using /usr/share/dejagnu/baseboards/unix.exp as board description file for target.
Using /usr/share/dejagnu/config/unix.exp as generic interface file for target.
Using /src/gdc/dev/gcc-4.4.4/gcc/testsuite/config/default.exp as tool-and-target-specific interface file.
Running /src/gdc/dev/gcc-4.4.4/gcc/testsuite/gcc.c-torture/compile/compile.exp ...
Running /src/gdc/dev/gcc-4.4.4/gcc/testsuite/gcc.c-torture/execute/builtins/builtins.exp ...
Running /src/gdc/dev/gcc-4.4.4/gcc/testsuite/gcc.c-torture/execute/execute.exp ...
Running /src/gdc/dev/gcc-4.4.4/gcc/testsuite/gcc.c-torture/execute/ieee/ieee.exp ...
Running /src/gdc/dev/gcc-4.4.4/gcc/testsuite/gcc.c-torture/unsorted/unsorted.exp ...

Running /src/gdc/dev/gcc-4.4.4/gcc/testsuite/gcc.dg/autopar/autopar.exp ...
Running /src/gdc/dev/gcc-4.4.4/gcc/testsuite/gcc.dg/charset/charset.exp ...
Running /src/gdc/dev/gcc-4.4.4/gcc/testsuite/gcc.dg/compat/compat.exp ...
Running /src/gdc/dev/gcc-4.4.4/gcc/testsuite/gcc.dg/compat/struct-layout-1.exp ...
Running /src/gdc/dev/gcc-4.4.4/gcc/testsuite/gcc.dg/cpp/cpp.exp ...
Running /src/gdc/dev/gcc-4.4.4/gcc/testsuite/gcc.dg/cpp/trad/trad.exp ...
Running /src/gdc/dev/gcc-4.4.4/gcc/testsuite/gcc.dg/debug/debug.exp ...
Running /src/gdc/dev/gcc-4.4.4/gcc/testsuite/gcc.dg/debug/dwarf2/dwarf2.exp ...
Running /src/gdc/dev/gcc-4.4.4/gcc/testsuite/gcc.dg/dfp/dfp.exp ...
Running /src/gdc/dev/gcc-4.4.4/gcc/testsuite/gcc.dg/dg.exp ...
FAIL: gcc.dg/memcpy-1.c scan-tree-dump-times optimized "nasty_local" 0
FAIL: gcc.dg/uninit-I.c  (test for warnings, line 6)
FAIL: gcc.dg/uninit-I.c (test for excess errors)
Running /src/gdc/dev/gcc-4.4.4/gcc/testsuite/gcc.dg/fixed-point/fixed-point.exp ...
Running /src/gdc/dev/gcc-4.4.4/gcc/testsuite/gcc.dg/format/format.exp ...
Running /src/gdc/dev/gcc-4.4.4/gcc/testsuite/gcc.dg/gomp/gomp.exp ...
Running /src/gdc/dev/gcc-4.4.4/gcc/testsuite/gcc.dg/graphite/graphite.exp ...
Running /src/gdc/dev/gcc-4.4.4/gcc/testsuite/gcc.dg/ipa/ipa.exp ...
Running /src/gdc/dev/gcc-4.4.4/gcc/testsuite/gcc.dg/matrix/matrix.exp ...
Running /src/gdc/dev/gcc-4.4.4/gcc/testsuite/gcc.dg/noncompile/noncompile.exp ...
Running /src/gdc/dev/gcc-4.4.4/gcc/testsuite/gcc.dg/pch/pch.exp ...
Running /src/gdc/dev/gcc-4.4.4/gcc/testsuite/gcc.dg/special/mips-abi.exp ...
Running /src/gdc/dev/gcc-4.4.4/gcc/testsuite/gcc.dg/special/special.exp ...
Running /src/gdc/dev/gcc-4.4.4/gcc/testsuite/gcc.dg/struct/struct-reorg.exp ...
FAIL: gcc.dg/struct/wo_prof_single_str_local.c scan-ipa-dump ipa_struct_reorg "No structures to transform"
Running /src/gdc/dev/gcc-4.4.4/gcc/testsuite/gcc.dg/tls/tls.exp ...
Running /src/gdc/dev/gcc-4.4.4/gcc/testsuite/gcc.dg/torture/dg-torture.exp ...
Running /src/gdc/dev/gcc-4.4.4/gcc/testsuite/gcc.dg/torture/stackalign/stackalign.exp ...
Running /src/gdc/dev/gcc-4.4.4/gcc/testsuite/gcc.dg/tree-prof/tree-prof.exp ...
FAIL: gcc.dg/tree-prof/bb-reorg.c compilation,  -fprofile-use -D_PROFILE_USE
FAIL: gcc.dg/tree-prof/pr34999.c compilation,  -fprofile-use -D_PROFILE_USE
Running /src/gdc/dev/gcc-4.4.4/gcc/testsuite/gcc.dg/tree-ssa/tree-ssa.exp ...
FAIL: gcc.dg/tree-ssa/loadpre8.c scan-tree-dump-times pre "Eliminated: 1" 1
FAIL: gcc.dg/tree-ssa/pr42585.c scan-tree-dump-times optimized "struct _fat_ptr _ans" 0
FAIL: gcc.dg/tree-ssa/pr42585.c scan-tree-dump-times optimized "struct _fat_ptr _T2" 0
FAIL: gcc.dg/tree-ssa/sra-1.c scan-tree-dump-times optimized "link_error" 0
FAIL: gcc.dg/tree-ssa/sra-4.c scan-tree-dump-times optimized "st" 0
Running /src/gdc/dev/gcc-4.4.4/gcc/testsuite/gcc.dg/vect/costmodel/i386/i386-costmodel-vect.exp ...
Running /src/gdc/dev/gcc-4.4.4/gcc/testsuite/gcc.dg/vect/costmodel/ppc/ppc-costmodel-vect.exp ...
Running /src/gdc/dev/gcc-4.4.4/gcc/testsuite/gcc.dg/vect/costmodel/spu/spu-costmodel-vect.exp ...
Running /src/gdc/dev/gcc-4.4.4/gcc/testsuite/gcc.dg/vect/costmodel/x86_64/x86_64-costmodel-vect.exp ...
Running /src/gdc/dev/gcc-4.4.4/gcc/testsuite/gcc.dg/vect/vect.exp ...
Running /src/gdc/dev/gcc-4.4.4/gcc/testsuite/gcc.dg/vmx/vmx.exp ...
Running /src/gdc/dev/gcc-4.4.4/gcc/testsuite/gcc.dg/vxworks/vxworks.exp ...
Running /src/gdc/dev/gcc-4.4.4/gcc/testsuite/gcc.dg/weak/weak.exp ...
Running /src/gdc/dev/gcc-4.4.4/gcc/testsuite/gcc.misc-tests/acker1.exp ...
Running /src/gdc/dev/gcc-4.4.4/gcc/testsuite/gcc.misc-tests/arm-isr.exp ...
Running /src/gdc/dev/gcc-4.4.4/gcc/testsuite/gcc.misc-tests/bprob.exp ...
Running /src/gdc/dev/gcc-4.4.4/gcc/testsuite/gcc.misc-tests/dectest.exp ...
Running /src/gdc/dev/gcc-4.4.4/gcc/testsuite/gcc.misc-tests/dhry.exp ...
Running /src/gdc/dev/gcc-4.4.4/gcc/testsuite/gcc.misc-tests/gcov.exp ...
Running /src/gdc/dev/gcc-4.4.4/gcc/testsuite/gcc.misc-tests/i386-prefetch.exp ...
Running /src/gdc/dev/gcc-4.4.4/gcc/testsuite/gcc.misc-tests/linkage.exp ...
Running /src/gdc/dev/gcc-4.4.4/gcc/testsuite/gcc.misc-tests/matrix1.exp ...
Running /src/gdc/dev/gcc-4.4.4/gcc/testsuite/gcc.misc-tests/mg-2.exp ...
Running /src/gdc/dev/gcc-4.4.4/gcc/testsuite/gcc.misc-tests/mg.exp ...
Running /src/gdc/dev/gcc-4.4.4/gcc/testsuite/gcc.misc-tests/options.exp ...
Running /src/gdc/dev/gcc-4.4.4/gcc/testsuite/gcc.misc-tests/sieve.exp ...
Running /src/gdc/dev/gcc-4.4.4/gcc/testsuite/gcc.misc-tests/sort2.exp ...
Running /src/gdc/dev/gcc-4.4.4/gcc/testsuite/gcc.target/alpha/alpha.exp ...
Running /src/gdc/dev/gcc-4.4.4/gcc/testsuite/gcc.target/arm/arm.exp ...
Running /src/gdc/dev/gcc-4.4.4/gcc/testsuite/gcc.target/arm/neon/neon.exp ...
Running /src/gdc/dev/gcc-4.4.4/gcc/testsuite/gcc.target/avr/avr.exp ...
Running /src/gdc/dev/gcc-4.4.4/gcc/testsuite/gcc.target/avr/torture/avr-torture.exp ...
Running /src/gdc/dev/gcc-4.4.4/gcc/testsuite/gcc.target/bfin/bfin.exp ...
Running /src/gdc/dev/gcc-4.4.4/gcc/testsuite/gcc.target/cris/cris.exp ...
Running /src/gdc/dev/gcc-4.4.4/gcc/testsuite/gcc.target/cris/torture/cris-torture.exp ...
Running /src/gdc/dev/gcc-4.4.4/gcc/testsuite/gcc.target/frv/frv.exp ...
Running /src/gdc/dev/gcc-4.4.4/gcc/testsuite/gcc.target/i386/i386.exp ...
Running /src/gdc/dev/gcc-4.4.4/gcc/testsuite/gcc.target/i386/math-torture/math-torture.exp ...
Running /src/gdc/dev/gcc-4.4.4/gcc/testsuite/gcc.target/i386/stackalign/stackalign.exp ...
Running /src/gdc/dev/gcc-4.4.4/gcc/testsuite/gcc.target/ia64/ia64.exp ...
Running /src/gdc/dev/gcc-4.4.4/gcc/testsuite/gcc.target/m68k/m68k.exp ...
Running /src/gdc/dev/gcc-4.4.4/gcc/testsuite/gcc.target/mips/inter/mips16-inter.exp ...
Running /src/gdc/dev/gcc-4.4.4/gcc/testsuite/gcc.target/mips/mips-nonpic/mips-nonpic.exp ...
Running /src/gdc/dev/gcc-4.4.4/gcc/testsuite/gcc.target/mips/mips.exp ...
Running /src/gdc/dev/gcc-4.4.4/gcc/testsuite/gcc.target/powerpc/powerpc.exp ...
Running /src/gdc/dev/gcc-4.4.4/gcc/testsuite/gcc.target/s390/s390.exp ...
Running /src/gdc/dev/gcc-4.4.4/gcc/testsuite/gcc.target/sh/sh.exp ...
Running /src/gdc/dev/gcc-4.4.4/gcc/testsuite/gcc.target/sparc/sparc.exp ...
Running /src/gdc/dev/gcc-4.4.4/gcc/testsuite/gcc.target/spu/spu.exp ...
Running /src/gdc/dev/gcc-4.4.4/gcc/testsuite/gcc.target/x86_64/abi/abi-x86_64.exp ...
Running /src/gdc/dev/gcc-4.4.4/gcc/testsuite/gcc.target/x86_64/abi/avx/abi-avx.exp ...
Running /src/gdc/dev/gcc-4.4.4/gcc/testsuite/gcc.target/x86_64/abi/callabi/callabi.exp ...
Running /src/gdc/dev/gcc-4.4.4/gcc/testsuite/gcc.target/xstormy16/xstormy16.exp ...
Running /src/gdc/dev/gcc-4.4.4/gcc/testsuite/gcc.test-framework/test-framework.exp ...
skipping test framework tests, CHECK_TEST_FRAMEWORK is not defined

		=== gcc Summary ===

# of expected passes		57820
# of unexpected failures	11
# of expected failures		192
# of unresolved testcases	2
# of unsupported tests		740
/usr/local/src/gdc/dev/gcc-4.4.4/objdir/gcc/xgcc  version 4.4.4 (GCC) 

make[3]: [check-parallel-gcc] Error 1 (ignored)
make[3]: Leaving directory `/usr/local/src/gdc/dev/gcc-4.4.4/objdir/gcc'
note: check-d does not perform any tests yet.
make[2]: Leaving directory `/usr/local/src/gdc/dev/gcc-4.4.4/objdir/gcc'
make[2]: Entering directory `/usr/local/src/gdc/dev/gcc-4.4.4/objdir/intl'
make[2]: Nothing to be done for `check'.
make[2]: Leaving directory `/usr/local/src/gdc/dev/gcc-4.4.4/objdir/intl'
make[2]: Entering directory `/usr/local/src/gdc/dev/gcc-4.4.4/objdir/libcpp'
make[2]: Nothing to be done for `check'.
make[2]: Leaving directory `/usr/local/src/gdc/dev/gcc-4.4.4/objdir/libcpp'
make[2]: Entering directory `/usr/local/src/gdc/dev/gcc-4.4.4/objdir/libdecnumber'
make[2]: Nothing to be done for `check'.
make[2]: Leaving directory `/usr/local/src/gdc/dev/gcc-4.4.4/objdir/libdecnumber'
make[2]: Entering directory `/usr/local/src/gdc/dev/gcc-4.4.4/objdir/libiberty'
make[3]: Entering directory `/usr/local/src/gdc/dev/gcc-4.4.4/objdir/libiberty/testsuite'
gcc -DHAVE_CONFIG_H -g -O2 -I.. -I../../../libiberty/testsuite/../../include  -o test-demangle \
		../../../libiberty/testsuite/test-demangle.c ../libiberty.a
../../../libiberty/testsuite/test-demangle.c:49: error: conflicting types for getline
/usr/include/stdio.h:673: note: previous declaration of getline was here
make[3]: *** [test-demangle] Error 1
make[3]: Leaving directory `/usr/local/src/gdc/dev/gcc-4.4.4/objdir/libiberty/testsuite'
make[2]: *** [check-subdir] Error 2
make[2]: Leaving directory `/usr/local/src/gdc/dev/gcc-4.4.4/objdir/libiberty'
make[1]: *** [check-libiberty] Error 2
make[1]: Leaving directory `/usr/local/src/gdc/dev/gcc-4.4.4/objdir'
make: *** [do-check] Error 2




